<?xml version="1.0" encoding="UTF-8"?>
<testng-results skipped="0" failed="0" total="1" passed="1">
  <reporter-output>
  </reporter-output>
  <suite name="Default suite" duration-ms="60" started-at="2018-01-10T17:03:07Z" finished-at="2018-01-10T17:03:07Z">
    <groups>
    </groups>
    <test name="Default test" duration-ms="60" started-at="2018-01-10T17:03:07Z" finished-at="2018-01-10T17:03:07Z">
      <class name="com.keerti.hybrid_frame_work.testcases.GmailLogin">
        <test-method status="PASS" signature="dologin()[pri:0, instance:com.keerti.hybrid_frame_work.testcases.GmailLogin@73ad2d6]" name="dologin" duration-ms="20" started-at="2018-01-10T22:33:07Z" finished-at="2018-01-10T22:33:07Z">
          <reporter-output>
          </reporter-output>
        </test-method> <!-- dologin -->
      </class> <!-- com.keerti.hybrid_frame_work.testcases.GmailLogin -->
    </test> <!-- Default test -->
  </suite> <!-- Default suite -->
</testng-results>
